<?xml version="1.0" encoding="UTF-8"?>
<!-- Generated by org.testng.reporters.JUnitXMLReporter -->
<testsuite hostname="user-PC" ignored="0" name="Free CRM  App Test Cases" tests="12" failures="0" timestamp="13 Jan 2019 10:19:18 GMT" time="196.819" errors="0">
  <testcase name="loginPageTitleTest" time="0.037" classname="com.freecrm.qa.testcases.LoginPageTest"/>
  <testcase name="verifyHomePageTitleTest" time="0.021" classname="com.freecrm.qa.testcases.HomePageTest"/>
  <testcase name="verifyContactPageLabelTest" time="0.103" classname="com.freecrm.qa.testcases.ContextPageTest"/>
  <testcase name="crmLogoImageTest" time="0.062" classname="com.freecrm.qa.testcases.LoginPageTest"/>
  <testcase name="verifyUserNameTest" time="0.139" classname="com.freecrm.qa.testcases.HomePageTest"/>
  <testcase name="selectSingleContactTextTest" time="0.141" classname="com.freecrm.qa.testcases.ContextPageTest"/>
  <testcase name="loginTest" time="4.844" classname="com.freecrm.qa.testcases.LoginPageTest"/>
  <testcase name="verifyContactLinkTest" time="1.453" classname="com.freecrm.qa.testcases.HomePageTest"/>
  <testcase name="selectMultipleContactTextTest" time="0.319" classname="com.freecrm.qa.testcases.ContextPageTest"/>
  <testcase name="validateNewContact" time="5.5" classname="com.freecrm.qa.testcases.ContextPageTest"/>
  <testcase name="validateNewContact" time="5.326" classname="com.freecrm.qa.testcases.ContextPageTest"/>
  <testcase name="validateNewContact" time="5.294" classname="com.freecrm.qa.testcases.ContextPageTest"/>
</testsuite> <!-- Free CRM  App Test Cases -->
