<?xml version="1.0" encoding="UTF-8"?>
<!-- Generated by org.testng.reporters.JUnitXMLReporter -->
<testsuite hostname="user-PC" ignored="0" name="Default test" tests="3" failures="0" timestamp="21 Mar 2019 12:07:09 GMT" time="33.273" errors="0">
  <testcase name="loginPageTitleTest" time="0.047" classname="com.freecrm.qa.testcases.LoginPageTest"/>
  <testcase name="crmLogoImageTest" time="0.072" classname="com.freecrm.qa.testcases.LoginPageTest"/>
  <testcase name="loginTest" time="5.065" classname="com.freecrm.qa.testcases.LoginPageTest"/>
</testsuite> <!-- Default test -->
