<?xml version="1.0" encoding="UTF-8"?>
<!-- Generated by org.testng.reporters.JUnitXMLReporter -->
<testsuite hostname="user-PC" ignored="0" name="Default test" tests="3" failures="0" timestamp="17 Jan 2019 09:48:15 GMT" time="33.738" errors="0">
  <testcase name="loginPageTitleTest" time="0.029" classname="com.freecrm.qa.testcases.LoginPageTest"/>
  <testcase name="crmLogoImageTest" time="0.163" classname="com.freecrm.qa.testcases.LoginPageTest"/>
  <testcase name="loginTest" time="6.608" classname="com.freecrm.qa.testcases.LoginPageTest"/>
</testsuite> <!-- Default test -->
