<?xml version="1.0" encoding="UTF-8"?>
<testsuite name="TestSuite" time="20.776" tests="12" errors="0" skipped="0" failures="2">
  <properties>
[...]
</properties>
  <testcase name="loginPageTitleTest" classname="com.freecrm.qa.testcases.LoginPageTest" time="0.029">
    <failure message="expected [#1 Free CRM software in the cloud for sales and service] but found [CRMPRO - CRM software for customer relationship management, sales, and support.]" type="java.lang.AssertionError">java.lang.AssertionError: expected [#1 Free CRM software in the cloud for sales and service] but found [CRMPRO - CRM software for customer relationship management, sales, and support.]
	at org.testng.Assert.fail(Assert.java:96)
	at org.testng.Assert.failNotEquals(Assert.java:776)
	at org.testng.Assert.assertEqualsImpl(Assert.java:137)
	at org.testng.Assert.assertEquals(Assert.java:118)
	at org.testng.Assert.assertEquals(Assert.java:453)
	at org.testng.Assert.assertEquals(Assert.java:463)
	at com.freecrm.qa.testcases.LoginPageTest.loginPageTitleTest(LoginPageTest.java:30)
</failure>
    <system-err><![CDATA[Starting ChromeDriver 2.41.578737 (49da6702b16031c40d63e5618de03a32ff6c197e) on port 8587
Only local connections are allowed.
Mar 21, 2019 12:15:47 PM org.openqa.selenium.remote.ProtocolHandshake createSession
INFO: Detected dialect: OSS
]]></system-err>
  </testcase>
  <testcase name="verifyHomePageTitleTest" classname="com.freecrm.qa.testcases.HomePageTest" time="0.017"/>
  <testcase name="verifyContactPageLabelTest" classname="com.freecrm.qa.testcases.ContextPageTest" time="0.055"/>
  <testcase name="crmLogoImageTest" classname="com.freecrm.qa.testcases.LoginPageTest" time="10.109">
    <failure message="no such element: Unable to locate element: {&quot;method&quot;:&quot;xpath&quot;,&quot;selector&quot;:&quot;//img[contains(@class,&apos;img-responsive&apos;) and @alt =&apos;free crm logo&apos;]&quot;}&#10;  (Session info: chrome=72.0.3626.121)&#10;  (Driver info: chromedriver=2.41.578737 (49da6702b16031c40d63e5618de03a32ff6c197e),platform=Windows NT 6.1.7601 SP1 x86_64) (WARNING: The server did not provide any stacktrace information)&#10;Command duration or timeout: 0 milliseconds&#10;For documentation on this error, please visit: http://seleniumhq.org/exceptions/no_such_element.html&#10;Build info: version: &apos;3.14.0&apos;, revision: &apos;aacccce0&apos;, time: &apos;2018-08-02T20:19:58.91Z&apos;&#10;System info: host: &apos;USER-PC&apos;, ip: &apos;10.20.222.5&apos;, os.name: &apos;Windows 7&apos;, os.arch: &apos;amd64&apos;, os.version: &apos;6.1&apos;, java.version: &apos;1.8.0_71&apos;&#10;Driver info: org.openqa.selenium.chrome.ChromeDriver&#10;Capabilities {acceptInsecureCerts: false, acceptSslCerts: false, applicationCacheEnabled: false, browserConnectionEnabled: false, browserName: chrome, chrome: {chromedriverVersion: 2.41.578737 (49da6702b16031..., userDataDir: C:\Users\user\AppData\Local...}, cssSelectorsEnabled: true, databaseEnabled: false, goog:chromeOptions: {debuggerAddress: localhost:59089}, handlesAlerts: true, hasTouchScreen: false, javascriptEnabled: true, locationContextEnabled: true, mobileEmulationEnabled: false, nativeEvents: true, networkConnectionEnabled: false, pageLoadStrategy: normal, platform: XP, platformName: XP, rotatable: false, setWindowRect: true, takesHeapSnapshot: true, takesScreenshot: true, unexpectedAlertBehaviour: , unhandledPromptBehavior: , version: 72.0.3626.121, webStorageEnabled: true}&#10;Session ID: 9aba4f834170fd294cc247c9a479131e&#10;*** Element info: {Using=xpath, value=//img[contains(@class,&apos;img-responsive&apos;) and @alt =&apos;free crm logo&apos;]}" type="org.openqa.selenium.NoSuchElementException">org.openqa.selenium.NoSuchElementException: no such element: Unable to locate element: {"method":"xpath","selector":"//img[contains(@class,'img-responsive') and @alt ='free crm logo']"}
  (Session info: chrome=72.0.3626.121)
  (Driver info: chromedriver=2.41.578737 (49da6702b16031c40d63e5618de03a32ff6c197e),platform=Windows NT 6.1.7601 SP1 x86_64) (WARNING: The server did not provide any stacktrace information)
Command duration or timeout: 0 milliseconds
For documentation on this error, please visit: http://seleniumhq.org/exceptions/no_such_element.html
Build info: version: '3.14.0', revision: 'aacccce0', time: '2018-08-02T20:19:58.91Z'
System info: host: 'USER-PC', ip: '10.20.222.5', os.name: 'Windows 7', os.arch: 'amd64', os.version: '6.1', java.version: '1.8.0_71'
Driver info: org.openqa.selenium.chrome.ChromeDriver
Capabilities {acceptInsecureCerts: false, acceptSslCerts: false, applicationCacheEnabled: false, browserConnectionEnabled: false, browserName: chrome, chrome: {chromedriverVersion: 2.41.578737 (49da6702b16031..., userDataDir: C:\Users\user\AppData\Local...}, cssSelectorsEnabled: true, databaseEnabled: false, goog:chromeOptions: {debuggerAddress: localhost:59089}, handlesAlerts: true, hasTouchScreen: false, javascriptEnabled: true, locationContextEnabled: true, mobileEmulationEnabled: false, nativeEvents: true, networkConnectionEnabled: false, pageLoadStrategy: normal, platform: XP, platformName: XP, rotatable: false, setWindowRect: true, takesHeapSnapshot: true, takesScreenshot: true, unexpectedAlertBehaviour: , unhandledPromptBehavior: , version: 72.0.3626.121, webStorageEnabled: true}
Session ID: 9aba4f834170fd294cc247c9a479131e
*** Element info: {Using=xpath, value=//img[contains(@class,'img-responsive') and @alt ='free crm logo']}
	at sun.reflect.NativeConstructorAccessorImpl.newInstance0(Native Method)
	at sun.reflect.NativeConstructorAccessorImpl.newInstance(NativeConstructorAccessorImpl.java:62)
	at sun.reflect.DelegatingConstructorAccessorImpl.newInstance(DelegatingConstructorAccessorImpl.java:45)
	at java.lang.reflect.Constructor.newInstance(Constructor.java:422)
	at org.openqa.selenium.remote.ErrorHandler.createThrowable(ErrorHandler.java:214)
	at org.openqa.selenium.remote.ErrorHandler.throwIfResponseFailed(ErrorHandler.java:166)
	at org.openqa.selenium.remote.http.JsonHttpResponseCodec.reconstructValue(JsonHttpResponseCodec.java:40)
	at org.openqa.selenium.remote.http.AbstractHttpResponseCodec.decode(AbstractHttpResponseCodec.java:80)
	at org.openqa.selenium.remote.http.AbstractHttpResponseCodec.decode(AbstractHttpResponseCodec.java:44)
	at org.openqa.selenium.remote.HttpCommandExecutor.execute(HttpCommandExecutor.java:158)
	at org.openqa.selenium.remote.service.DriverCommandExecutor.execute(DriverCommandExecutor.java:83)
	at org.openqa.selenium.remote.RemoteWebDriver.execute(RemoteWebDriver.java:548)
	at org.openqa.selenium.remote.RemoteWebDriver.findElement(RemoteWebDriver.java:322)
	at org.openqa.selenium.remote.RemoteWebDriver.findElementByXPath(RemoteWebDriver.java:424)
	at org.openqa.selenium.By$ByXPath.findElement(By.java:353)
	at org.openqa.selenium.remote.RemoteWebDriver.findElement(RemoteWebDriver.java:314)
	at org.openqa.selenium.support.pagefactory.DefaultElementLocator.findElement(DefaultElementLocator.java:69)
	at org.openqa.selenium.support.pagefactory.internal.LocatingElementHandler.invoke(LocatingElementHandler.java:38)
	at com.sun.proxy.$Proxy8.isDisplayed(Unknown Source)
	at com.freecrm.qa.pages.LoginPage.validateCRMLogno(LoginPage.java:39)
	at com.freecrm.qa.testcases.LoginPageTest.crmLogoImageTest(LoginPageTest.java:35)
</failure>
    <system-err><![CDATA[Starting ChromeDriver 2.41.578737 (49da6702b16031c40d63e5618de03a32ff6c197e) on port 31406
Only local connections are allowed.
Mar 21, 2019 12:16:25 PM org.openqa.selenium.remote.ProtocolHandshake createSession
INFO: Detected dialect: OSS
]]></system-err>
  </testcase>
  <testcase name="verifyUserNameTest" classname="com.freecrm.qa.testcases.HomePageTest" time="0.112"/>
  <testcase name="selectSingleContactTextTest" classname="com.freecrm.qa.testcases.ContextPageTest" time="0.143"/>
  <testcase name="loginTest" classname="com.freecrm.qa.testcases.LoginPageTest" time="4.134"/>
  <testcase name="verifyContactLinkTest" classname="com.freecrm.qa.testcases.HomePageTest" time="1.326"/>
  <testcase name="selectMultipleContactTextTest" classname="com.freecrm.qa.testcases.ContextPageTest" time="0.334"/>
  <testcase name="validateNewContact" classname="com.freecrm.qa.testcases.ContextPageTest" time="4.517"/>
  <testcase name="validateNewContact" classname="com.freecrm.qa.testcases.ContextPageTest" time="5.396"/>
  <testcase name="validateNewContact" classname="com.freecrm.qa.testcases.ContextPageTest" time="5.742"/>
</testsuite>