<?xml version="1.0" encoding="UTF-8"?>
<testng-results skipped="0" failed="0" ignored="0" total="3" passed="3">
  <reporter-output>
  </reporter-output>
  <suite name="Default suite" duration-ms="33738" started-at="2019-01-17T09:47:41Z" finished-at="2019-01-17T09:48:15Z">
    <groups>
    </groups>
    <test name="Default test" duration-ms="33738" started-at="2019-01-17T09:47:41Z" finished-at="2019-01-17T09:48:15Z">
      <class name="com.freecrm.qa.testcases.LoginPageTest">
        <test-method status="PASS" signature="setup()[pri:0, instance:com.freecrm.qa.testcases.LoginPageTest@5bcab519]" name="setup" is-config="true" duration-ms="9285" started-at="2019-01-17T09:47:41Z" finished-at="2019-01-17T09:47:50Z">
          <reporter-output>
          </reporter-output>
        </test-method> <!-- setup -->
        <test-method status="PASS" signature="loginPageTitleTest()[pri:1, instance:com.freecrm.qa.testcases.LoginPageTest@5bcab519]" name="loginPageTitleTest" duration-ms="29" started-at="2019-01-17T09:47:50Z" finished-at="2019-01-17T09:47:51Z">
          <reporter-output>
          </reporter-output>
        </test-method> <!-- loginPageTitleTest -->
        <test-method status="PASS" signature="tearDown()[pri:0, instance:com.freecrm.qa.testcases.LoginPageTest@5bcab519]" name="tearDown" is-config="true" duration-ms="640" started-at="2019-01-17T09:47:51Z" finished-at="2019-01-17T09:47:51Z">
          <reporter-output>
          </reporter-output>
        </test-method> <!-- tearDown -->
        <test-method status="PASS" signature="setup()[pri:0, instance:com.freecrm.qa.testcases.LoginPageTest@5bcab519]" name="setup" is-config="true" duration-ms="7862" started-at="2019-01-17T09:47:51Z" finished-at="2019-01-17T09:47:59Z">
          <reporter-output>
          </reporter-output>
        </test-method> <!-- setup -->
        <test-method status="PASS" signature="crmLogoImageTest()[pri:2, instance:com.freecrm.qa.testcases.LoginPageTest@5bcab519]" name="crmLogoImageTest" duration-ms="163" started-at="2019-01-17T09:47:59Z" finished-at="2019-01-17T09:47:59Z">
          <reporter-output>
          </reporter-output>
        </test-method> <!-- crmLogoImageTest -->
        <test-method status="PASS" signature="tearDown()[pri:0, instance:com.freecrm.qa.testcases.LoginPageTest@5bcab519]" name="tearDown" is-config="true" duration-ms="763" started-at="2019-01-17T09:47:59Z" finished-at="2019-01-17T09:48:00Z">
          <reporter-output>
          </reporter-output>
        </test-method> <!-- tearDown -->
        <test-method status="PASS" signature="setup()[pri:0, instance:com.freecrm.qa.testcases.LoginPageTest@5bcab519]" name="setup" is-config="true" duration-ms="7658" started-at="2019-01-17T09:48:00Z" finished-at="2019-01-17T09:48:08Z">
          <reporter-output>
          </reporter-output>
        </test-method> <!-- setup -->
        <test-method status="PASS" signature="loginTest()[pri:3, instance:com.freecrm.qa.testcases.LoginPageTest@5bcab519]" name="loginTest" duration-ms="6608" started-at="2019-01-17T09:48:08Z" finished-at="2019-01-17T09:48:14Z">
          <reporter-output>
          </reporter-output>
        </test-method> <!-- loginTest -->
        <test-method status="PASS" signature="tearDown()[pri:0, instance:com.freecrm.qa.testcases.LoginPageTest@5bcab519]" name="tearDown" is-config="true" duration-ms="647" started-at="2019-01-17T09:48:14Z" finished-at="2019-01-17T09:48:15Z">
          <reporter-output>
          </reporter-output>
        </test-method> <!-- tearDown -->
      </class> <!-- com.freecrm.qa.testcases.LoginPageTest -->
    </test> <!-- Default test -->
  </suite> <!-- Default suite -->
</testng-results>
