<?xml version="1.0" encoding="UTF-8"?>
<testng-results skipped="0" failed="0" ignored="0" total="3" passed="3">
  <reporter-output>
  </reporter-output>
  <suite name="Default suite" duration-ms="33273" started-at="2019-03-21T12:06:36Z" finished-at="2019-03-21T12:07:09Z">
    <groups>
    </groups>
    <test name="Default test" duration-ms="33273" started-at="2019-03-21T12:06:36Z" finished-at="2019-03-21T12:07:09Z">
      <class name="com.freecrm.qa.testcases.LoginPageTest">
        <test-method status="PASS" signature="setup()[pri:0, instance:com.freecrm.qa.testcases.LoginPageTest@2f686d1f]" name="setup" is-config="true" duration-ms="9757" started-at="2019-03-21T12:06:36Z" finished-at="2019-03-21T12:06:46Z">
          <reporter-output>
          </reporter-output>
        </test-method> <!-- setup -->
        <test-method status="PASS" signature="loginPageTitleTest()[pri:1, instance:com.freecrm.qa.testcases.LoginPageTest@2f686d1f]" name="loginPageTitleTest" duration-ms="47" started-at="2019-03-21T12:06:46Z" finished-at="2019-03-21T12:06:46Z">
          <reporter-output>
          </reporter-output>
        </test-method> <!-- loginPageTitleTest -->
        <test-method status="PASS" signature="tearDown()[pri:0, instance:com.freecrm.qa.testcases.LoginPageTest@2f686d1f]" name="tearDown" is-config="true" duration-ms="681" started-at="2019-03-21T12:06:46Z" finished-at="2019-03-21T12:06:47Z">
          <reporter-output>
          </reporter-output>
        </test-method> <!-- tearDown -->
        <test-method status="PASS" signature="setup()[pri:0, instance:com.freecrm.qa.testcases.LoginPageTest@2f686d1f]" name="setup" is-config="true" duration-ms="8197" started-at="2019-03-21T12:06:47Z" finished-at="2019-03-21T12:06:55Z">
          <reporter-output>
          </reporter-output>
        </test-method> <!-- setup -->
        <test-method status="PASS" signature="crmLogoImageTest()[pri:2, instance:com.freecrm.qa.testcases.LoginPageTest@2f686d1f]" name="crmLogoImageTest" duration-ms="72" started-at="2019-03-21T12:06:55Z" finished-at="2019-03-21T12:06:55Z">
          <reporter-output>
          </reporter-output>
        </test-method> <!-- crmLogoImageTest -->
        <test-method status="PASS" signature="tearDown()[pri:0, instance:com.freecrm.qa.testcases.LoginPageTest@2f686d1f]" name="tearDown" is-config="true" duration-ms="597" started-at="2019-03-21T12:06:55Z" finished-at="2019-03-21T12:06:55Z">
          <reporter-output>
          </reporter-output>
        </test-method> <!-- tearDown -->
        <test-method status="PASS" signature="setup()[pri:0, instance:com.freecrm.qa.testcases.LoginPageTest@2f686d1f]" name="setup" is-config="true" duration-ms="8175" started-at="2019-03-21T12:06:55Z" finished-at="2019-03-21T12:07:04Z">
          <reporter-output>
          </reporter-output>
        </test-method> <!-- setup -->
        <test-method status="PASS" signature="loginTest()[pri:3, instance:com.freecrm.qa.testcases.LoginPageTest@2f686d1f]" name="loginTest" duration-ms="5065" started-at="2019-03-21T12:07:04Z" finished-at="2019-03-21T12:07:09Z">
          <reporter-output>
          </reporter-output>
        </test-method> <!-- loginTest -->
        <test-method status="PASS" signature="tearDown()[pri:0, instance:com.freecrm.qa.testcases.LoginPageTest@2f686d1f]" name="tearDown" is-config="true" duration-ms="626" started-at="2019-03-21T12:07:09Z" finished-at="2019-03-21T12:07:09Z">
          <reporter-output>
          </reporter-output>
        </test-method> <!-- tearDown -->
      </class> <!-- com.freecrm.qa.testcases.LoginPageTest -->
    </test> <!-- Default test -->
  </suite> <!-- Default suite -->
</testng-results>
